start working
directly load bounding box dimension
directly load mean and std 
dataset length is 578
data loads fine
('2594_1193594639_ct.nii.gz',)
('2935_3013757537_ct.nii.gz',)
('2460_3329191953_ct.nii.gz',)
('2437_6841614189_ct.nii.gz',)
('2592_7804356343_ct.nii.gz',)
('2286_3004295140_ct.nii.gz',)
('2843_1238120029_ct.nii.gz',)
('2891_1447696048_ct.nii.gz',)
('2481_1989125293_ct.nii.gz',)
('2662_8797322952_ct.nii.gz',)
('2230_7063720593_ct.nii.gz',)
('3122_2826348398_ct.nii.gz',)
('3065_1224593531_ct.nii.gz',)
('2565_1067898584_ct.nii.gz',)
('2348_1224379480_ct.nii.gz',)
('2227_2339850822_ct.nii.gz',)
('2840_2982826561_ct.nii.gz',)
('2829_7099488441_ct.nii.gz',)
('2817_2106881455_ct.nii.gz',)
('3103_2598392163_ct.nii.gz',)
('2527_2554974099_ct.nii.gz',)
('2946_1625191686_ct.nii.gz',)
('2986_1786420192_ct.nii.gz',)
('2384_2432006578_ct.nii.gz',)
('3249_5217994659_ct.nii.gz',)
('2537_3059055122_ct.nii.gz',)
('2247_1399604056_ct.nii.gz',)
('2299_2155688317_ct.nii.gz',)
('2458_9093467395_ct.nii.gz',)
('2916_2116050369_ct.nii.gz',)
('2423_1179374067_ct.nii.gz',)
('3129_8456235898_ct.nii.gz',)
('2589_3389945183_ct.nii.gz',)
('2598_2314947813_ct.nii.gz',)
('2701_2291886930_ct.nii.gz',)
('2251_1831897518_ct.nii.gz',)
('2723_1516748921_ct.nii.gz',)
('2378_3876451394_ct.nii.gz',)
('2690_6556621310_ct.nii.gz',)
('2293_2958402408_ct.nii.gz',)
('2773_3276062983_ct.nii.gz',)
('2241_1117341842_ct.nii.gz',)
('2658_2423620063_ct.nii.gz',)
('2306_1317256048_ct.nii.gz',)
('2828_2966081470_ct.nii.gz',)
('2288_3361948660_ct.nii.gz',)
('2816_2252879660_ct.nii.gz',)
('2888_1406602716_ct.nii.gz',)
('3058_1829908648_ct.nii.gz',)
('2327_2754984454_ct.nii.gz',)
('2476_4528627326_ct.nii.gz',)
('2365_5011748479_ct.nii.gz',)
('2998_2324054264_ct.nii.gz',)
('2254_8113447932_ct.nii.gz',)
('3070_1254269019_ct.nii.gz',)
('2898_8821020467_ct.nii.gz',)
('3011_2400677505_ct.nii.gz',)
('2914_2156556011_ct.nii.gz',)
('2234_1406879670_ct.nii.gz',)
('3211_2092219175_ct.nii.gz',)
('2385_2633461759_ct.nii.gz',)
('2793_2650477387_ct.nii.gz',)
('2393_1579978364_ct.nii.gz',)
('2823_2386872545_ct.nii.gz',)
('2411_1126762255_ct.nii.gz',)
('3156_5800107501_ct.nii.gz',)
('2666_1952913604_ct.nii.gz',)
('2255_4875927474_ct.nii.gz',)
('2373_9773454345_ct.nii.gz',)
('2979_3302667984_ct.nii.gz',)
('3047_3165566635_ct.nii.gz',)
('2933_7791595791_ct.nii.gz',)
('2543_2894800801_ct.nii.gz',)
('2708_1111260257_ct.nii.gz',)
('2237_4562088604_ct.nii.gz',)
('3188_3256079554_ct.nii.gz',)
('2357_2422928533_ct.nii.gz',)
('2281_2115049809_ct.nii.gz',)
('2719_2828977330_ct.nii.gz',)
('2653_9003070470_ct.nii.gz',)
('2669_1443109235_ct.nii.gz',)
('3089_1793592715_ct.nii.gz',)
('2449_2310756073_ct.nii.gz',)
('2579_6736445705_ct.nii.gz',)
('2512_9797248346_ct.nii.gz',)
('2544_3238972517_ct.nii.gz',)
('2901_2809501442_ct.nii.gz',)
('2811_2252879660_ct.nii.gz',)
('3224_2102276195_ct.nii.gz',)
('2792_2137363722_ct.nii.gz',)
('3201_2347401147_ct.nii.gz',)
('2599_8317581228_ct.nii.gz',)
('3258_8168310579_ct.nii.gz',)
('2732_2037156306_ct.nii.gz',)
('3097_3198183550_ct.nii.gz',)
('2338_3309211667_ct.nii.gz',)
('2928_5247900315_ct.nii.gz',)
('3029_7434845353_ct.nii.gz',)
('2892_9749971548_ct.nii.gz',)
('3012_6559622978_ct.nii.gz',)
('2909_2752980547_ct.nii.gz',)
('2601_2983469537_ct.nii.gz',)
('3094_1643689422_ct.nii.gz',)
('2865_4101638014_ct.nii.gz',)
('2897_2953316208_ct.nii.gz',)
('2798_1639154897_ct.nii.gz',)
('2451_1306393952_ct.nii.gz',)
('2978_1322904889_ct.nii.gz',)
('2764_1688103997_ct.nii.gz',)
('2718_4576579659_ct.nii.gz',)
('3032_9027744163_ct.nii.gz',)
('2795_2093756907_ct.nii.gz',)
('2531_1696667171_ct.nii.gz',)
('2408_1130109742_ct.nii.gz',)
('3048_1638422859_ct.nii.gz',)
('3054_8220488592_ct.nii.gz',)
('2813_3017119396_ct.nii.gz',)
('2507_2431828693_ct.nii.gz',)
('2480_1623205057_ct.nii.gz',)
('3095_6466223309_ct.nii.gz',)
('2941_4521987789_ct.nii.gz',)
('3049_2335347430_ct.nii.gz',)
('2989_3385334029_ct.nii.gz',)
('2831_9411296777_ct.nii.gz',)
('2419_1718356596_ct.nii.gz',)
('2228_1836983617_ct.nii.gz',)
('3138_2215979253_ct.nii.gz',)
('2475_3222867941_ct.nii.gz',)
('2574_9429834720_ct.nii.gz',)
('2927_3028969190_ct.nii.gz',)
('3087_7102507607_ct.nii.gz',)
('3256_5465717148_ct.nii.gz',)
('2800_3250062171_ct.nii.gz',)
('2976_2074588655_ct.nii.gz',)
('2466_3294437236_ct.nii.gz',)
('3257_9018609989_ct.nii.gz',)
('3073_1730775310_ct.nii.gz',)
('2343_2898251269_ct.nii.gz',)
('2910_1081957885_ct.nii.gz',)
('2554_2085286941_ct.nii.gz',)
('2431_1281287925_ct.nii.gz',)
('3098_1668639882_ct.nii.gz',)
('3053_3473303861_ct.nii.gz',)
('2392_3387008770_ct.nii.gz',)
('2457_3360704329_ct.nii.gz',)
('3085_1162481095_ct.nii.gz',)
('2367_1070928669_ct.nii.gz',)
('2856_3730567245_ct.nii.gz',)
('2926_1169046567_ct.nii.gz',)
('3039_2105901755_ct.nii.gz',)
('2963_1546062524_ct.nii.gz',)
('2917_1409289234_ct.nii.gz',)
('2472_1401034787_ct.nii.gz',)
('3127_3100157562_ct.nii.gz',)
('2287_6198187275_ct.nii.gz',)
('2944_2777923638_ct.nii.gz',)
('2884_1862461178_ct.nii.gz',)
('2308_3251134270_ct.nii.gz',)
('2955_2423763783_ct.nii.gz',)
('2855_8010018745_ct.nii.gz',)
('2236_3156947747_ct.nii.gz',)
('2852_3335675312_ct.nii.gz',)
('2362_2086466981_ct.nii.gz',)
('2398_9065013941_ct.nii.gz',)
('2612_2243480327_ct.nii.gz',)
('2496_3571065644_ct.nii.gz',)
('2356_1816582544_ct.nii.gz',)
('2676_2616634275_ct.nii.gz',)
('2702_1697056466_ct.nii.gz',)
('2290_3173569486_ct.nii.gz',)
('2667_1917712169_ct.nii.gz',)
('3091_2651190085_ct.nii.gz',)
('2547_1545690387_ct.nii.gz',)
('3046_3379772483_ct.nii.gz',)
('2465_3393111926_ct.nii.gz',)
('3230_1880515665_ct.nii.gz',)
('2670_2316852982_ct.nii.gz',)
('2859_3119399027_ct.nii.gz',)
('2426_2147877392_ct.nii.gz',)
('3168_1170583330_ct.nii.gz',)
('2282_6296583556_ct.nii.gz',)
('2961_2181144906_ct.nii.gz',)
('2526_2638809883_ct.nii.gz',)
('2432_3338125403_ct.nii.gz',)
('3195_8851502224_ct.nii.gz',)
('2501_2489790710_ct.nii.gz',)
('3126_9209508462_ct.nii.gz',)
('2774_1683246059_ct.nii.gz',)
('2987_2776979947_ct.nii.gz',)
('2937_1513549944_ct.nii.gz',)
('2812_2252879660_ct.nii.gz',)
('2850_2293705650_ct.nii.gz',)
('2329_1317555555_ct.nii.gz',)
('2671_1296617584_ct.nii.gz',)
('2996_3186208397_ct.nii.gz',)
('2388_2633461759_ct.nii.gz',)
('2453_2118179142_ct.nii.gz',)
('3092_4317610292_ct.nii.gz',)
('2939_4568755518_ct.nii.gz',)
('2886_3228072470_ct.nii.gz',)
('2477_2365258310_ct.nii.gz',)
('2262_3233827331_ct.nii.gz',)
('2688_2666937458_ct.nii.gz',)
('2674_1863321166_ct.nii.gz',)
('2404_1540277513_ct.nii.gz',)
('3240_1733211757_ct.nii.gz',)
('2889_1068317435_ct.nii.gz',)
('2528_2778652941_ct.nii.gz',)
('2717_2974869217_ct.nii.gz',)
('2608_1568780569_ct.nii.gz',)
('2555_7398625095_ct.nii.gz',)
('3245_3077873151_ct.nii.gz',)
('3015_6087632858_ct.nii.gz',)
('2268_1728202471_ct.nii.gz',)
('2685_8280245295_ct.nii.gz',)
('2324_1047084599_ct.nii.gz',)
('3115_9158661564_ct.nii.gz',)
('2616_2507861988_ct.nii.gz',)
('3079_3128962761_ct.nii.gz',)
('3198_1460876043_ct.nii.gz',)
('2407_3218921773_ct.nii.gz',)
('2586_1651555515_ct.nii.gz',)
('3136_2215979253_ct.nii.gz',)
('2851_1782660844_ct.nii.gz',)
('2893_9521938156_ct.nii.gz',)
('2646_1816150506_ct.nii.gz',)
('2369_2402309829_ct.nii.gz',)
('2698_1886845421_ct.nii.gz',)
('3216_2683576144_ct.nii.gz',)
('3202_2347401147_ct.nii.gz',)
('2780_3361285289_ct.nii.gz',)
('2830_1016053672_ct.nii.gz',)
('2435_2272368435_ct.nii.gz',)
('3125_1408706537_ct.nii.gz',)
('3007_3997527358_ct.nii.gz',)
('2568_9034607140_ct.nii.gz',)
('2911_3225802173_ct.nii.gz',)
('3214_2939653037_ct.nii.gz',)
('2727_1205525128_ct.nii.gz',)
('2436_9697792254_ct.nii.gz',)
('2341_6506786851_ct.nii.gz',)
('2535_9324685971_ct.nii.gz',)
('3016_1185814198_ct.nii.gz',)
('2664_1901922283_ct.nii.gz',)
('2521_2658473873_ct.nii.gz',)
('3255_8605684186_ct.nii.gz',)
('2493_1737811408_ct.nii.gz',)
('2885_5905128622_ct.nii.gz',)
('2226_2061339079_ct.nii.gz',)
('2835_1758919143_ct.nii.gz',)
('2879_6740902178_ct.nii.gz',)
('3221_7061316737_ct.nii.gz',)
('2827_1016053672_ct.nii.gz',)
('3096_1902362598_ct.nii.gz',)
('2390_3257740539_ct.nii.gz',)
('3078_3367251286_ct.nii.gz',)
('2562_2231578854_ct.nii.gz',)
('3055_1063224789_ct.nii.gz',)
('3212_1126826426_ct.nii.gz',)
('2375_2689052835_ct.nii.gz',)
('2570_1382606866_ct.nii.gz',)
('2763_9716457986_ct.nii.gz',)
('2235_8257173982_ct.nii.gz',)
('3082_1084738807_ct.nii.gz',)
('2584_1297814680_ct.nii.gz',)
('2904_4633915158_ct.nii.gz',)
('3252_1370318460_ct.nii.gz',)
('2985_1639249211_ct.nii.gz',)
('3017_8166192016_ct.nii.gz',)
('2498_1612606151_ct.nii.gz',)
('2615_1100995162_ct.nii.gz',)
('3071_1698956539_ct.nii.gz',)
('3086_5730839906_ct.nii.gz',)
('2632_1287421760_ct.nii.gz',)
('2270_3425522123_ct.nii.gz',)
('2297_5482867529_ct.nii.gz',)
('2900_1319200512_ct.nii.gz',)
('2709_1925881014_ct.nii.gz',)
('2948_1619679856_ct.nii.gz',)
('2913_2149557883_ct.nii.gz',)
('2768_1276237715_ct.nii.gz',)
('2849_2454664036_ct.nii.gz',)
('2967_1494694724_ct.nii.gz',)
('2803_3187550483_ct.nii.gz',)
('3209_7261715385_ct.nii.gz',)
('2576_1072612994_ct.nii.gz',)
('2668_2112702020_ct.nii.gz',)
('2519_1328878379_ct.nii.gz',)
('3218_9004580657_ct.nii.gz',)
('2634_1884535515_ct.nii.gz',)
('3226_3199198242_ct.nii.gz',)
('3072_2082776788_ct.nii.gz',)
('2777_6083514629_ct.nii.gz',)
('2837_1094836480_ct.nii.gz',)
('2316_1053866790_ct.nii.gz',)
('2973_1557477071_ct.nii.gz',)
('2687_2084460717_ct.nii.gz',)
('2970_1721663744_ct.nii.gz',)
('3106_1796587439_ct.nii.gz',)
('2940_7558031110_ct.nii.gz',)
('2244_1850602403_ct.nii.gz',)
('2660_2225913571_ct.nii.gz',)
('2396_1611014548_ct.nii.gz',)
('2439_1915212597_ct.nii.gz',)
('3140_8571747425_ct.nii.gz',)
('2638_1634566566_ct.nii.gz',)
('3135_2215979253_ct.nii.gz',)
('2993_2696009236_ct.nii.gz',)
('2452_1469111226_ct.nii.gz',)
('2977_9329249264_ct.nii.gz',)
('3196_8786756653_ct.nii.gz',)
('2920_1667288728_ct.nii.gz',)
('2887_3228072470_ct.nii.gz',)
('3001_2080765608_ct.nii.gz',)
('2794_1825897299_ct.nii.gz',)
('2945_2813328895_ct.nii.gz',)
('2300_1109689758_ct.nii.gz',)
('3128_1643331351_ct.nii.gz',)
('2438_3089122303_ct.nii.gz',)
('2696_2020792178_ct.nii.gz',)
('2414_2907783500_ct.nii.gz',)
('3203_2347401147_ct.nii.gz',)
('2805_2677966376_ct.nii.gz',)
('2447_2730690840_ct.nii.gz',)
('3139_2848614875_ct.nii.gz',)
('2344_1784693666_ct.nii.gz',)
('2529_1385534111_ct.nii.gz',)
('2352_2745484568_ct.nii.gz',)
('2848_3020767660_ct.nii.gz',)
('2629_1998180782_ct.nii.gz',)
('2832_1244214139_ct.nii.gz',)
('2323_1558647193_ct.nii.gz',)
('2320_2531453430_ct.nii.gz',)
('2929_2148502241_ct.nii.gz',)
('2510_2264922808_ct.nii.gz',)
('3200_1652774501_ct.nii.gz',)
('2663_3652734274_ct.nii.gz',)
('2630_2601321159_ct.nii.gz',)
('3113_3027387326_ct.nii.gz',)
('2492_2933333448_ct.nii.gz',)
('2440_1915212597_ct.nii.gz',)
('2854_3247004977_ct.nii.gz',)
('2581_2033916899_ct.nii.gz',)
('3217_1313747721_ct.nii.gz',)
('2657_2134840776_ct.nii.gz',)
('2461_2767934036_ct.nii.gz',)
('2361_2930333975_ct.nii.gz',)
('2890_1625571752_ct.nii.gz',)
('2643_1666973011_ct.nii.gz',)
('3027_6390799627_ct.nii.gz',)
('2930_7573474978_ct.nii.gz',)
('2810_2252879660_ct.nii.gz',)
('2566_1329019832_ct.nii.gz',)
('2862_9432715478_ct.nii.gz',)
('3248_1731019636_ct.nii.gz',)
('3003_2080765608_ct.nii.gz',)
('2276_2782679189_ct.nii.gz',)
('2389_2716809323_ct.nii.gz',)
('2364_3003975353_ct.nii.gz',)
('3074_5729614042_ct.nii.gz',)
('2912_4973650230_ct.nii.gz',)
('2790_1989280008_ct.nii.gz',)
('2895_1065242900_ct.nii.gz',)
('2787_1459632872_ct.nii.gz',)
('2546_3105040837_ct.nii.gz',)
('2243_7049095170_ct.nii.gz',)
('2350_2505780016_ct.nii.gz',)
('3152_2735818692_ct.nii.gz',)
('2700_2514234346_ct.nii.gz',)
('2899_2880246190_ct.nii.gz',)
('2278_6799124093_ct.nii.gz',)
('3066_6933624153_ct.nii.gz',)
('2558_2600679528_ct.nii.gz',)
('3233_3285280025_ct.nii.gz',)
('2644_1444627662_ct.nii.gz',)
('3051_2062011371_ct.nii.gz',)
('2907_1240407509_ct.nii.gz',)
('2639_1492006128_ct.nii.gz',)
('2486_3030790028_ct.nii.gz',)
('2972_1557477071_ct.nii.gz',)
('2534_1889987918_ct.nii.gz',)
('2637_2086969724_ct.nii.gz',)
('2799_1932550997_ct.nii.gz',)
('2250_3398157536_ct.nii.gz',)
('3018_6087632858_ct.nii.gz',)
('3025_8176013810_ct.nii.gz',)
('2704_2791531954_ct.nii.gz',)
('2778_1827234964_ct.nii.gz',)
('2595_2315387681_ct.nii.gz',)
('2514_3030010822_ct.nii.gz',)
('2410_2045793529_ct.nii.gz',)
('3044_1936552041_ct.nii.gz',)
('2417_2535096532_ct.nii.gz',)
('2430_1149859662_ct.nii.gz',)
('2804_1240212543_ct.nii.gz',)
('3131_3025553059_ct.nii.gz',)
('2628_2504968139_ct.nii.gz',)
('3009_2356332190_ct.nii.gz',)
('3219_3218178668_ct.nii.gz',)
('2261_2510573068_ct.nii.gz',)
('2325_6360025339_ct.nii.gz',)
('2797_1931012584_ct.nii.gz',)
('2557_3576695675_ct.nii.gz',)
('2569_6740540163_ct.nii.gz',)
('3158_2675577253_ct.nii.gz',)
('2319_2240420277_ct.nii.gz',)
('2651_7108378507_ct.nii.gz',)
('2679_2642514464_ct.nii.gz',)
('2915_2156556011_ct.nii.gz',)
('2902_1176333340_ct.nii.gz',)
('2861_1070961337_ct.nii.gz',)
('2314_1849362056_ct.nii.gz',)
('2759_3350193834_ct.nii.gz',)
('2567_9427278888_ct.nii.gz',)
('2240_1854400938_ct.nii.gz',)
('3170_1064421139_ct.nii.gz',)
('3000_2801409266_ct.nii.gz',)
('2621_2598965783_ct.nii.gz',)
('3124_2236831900_ct.nii.gz',)
('2358_3179903506_ct.nii.gz',)
('3107_1754370967_ct.nii.gz',)
('3077_5874093320_ct.nii.gz',)
('3060_6179677284_ct.nii.gz',)
('2321_1066986767_ct.nii.gz',)
('2791_1103562044_ct.nii.gz',)
('3160_9217038961_ct.nii.gz',)
('3185_2467880414_ct.nii.gz',)
('2511_7748937238_ct.nii.gz',)
('2552_2923313470_ct.nii.gz',)
('2326_1312316808_ct.nii.gz',)
('2304_5260553616_ct.nii.gz',)
('2523_9119221861_ct.nii.gz',)
('2654_4804852375_ct.nii.gz',)
('2224_2564111995_ct.nii.gz',)
('2809_3045739029_ct.nii.gz',)
('2983_2320390125_ct.nii.gz',)
('2627_1494856751_ct.nii.gz',)
('2386_1583316811_ct.nii.gz',)
('3013_3023181789_ct.nii.gz',)
('2691_3247450148_ct.nii.gz',)
('2464_1134400670_ct.nii.gz',)
('3069_1691602205_ct.nii.gz',)
('3005_3246570339_ct.nii.gz',)
('2789_3220664538_ct.nii.gz',)
('2310_2030497762_ct.nii.gz',)
('2533_1633204258_ct.nii.gz',)
('2649_2302906918_ct.nii.gz',)
('2315_8299985582_ct.nii.gz',)
('2857_8636282609_ct.nii.gz',)
('2971_1301861179_ct.nii.gz',)
('2960_1560222156_ct.nii.gz',)
('2834_1919549476_ct.nii.gz',)
('2779_2777045716_ct.nii.gz',)
('3050_7931593944_ct.nii.gz',)
('3133_2446865357_ct.nii.gz',)
('2596_3172035407_ct.nii.gz',)
('3157_1262145452_ct.nii.gz',)
('2619_7747326685_ct.nii.gz',)
('2420_7906305584_ct.nii.gz',)
('2942_3045044732_ct.nii.gz',)
('2606_2999160022_ct.nii.gz',)
('2490_8361455010_ct.nii.gz',)
('2772_2432242505_ct.nii.gz',)
('2249_1452006018_ct.nii.gz',)
('2846_1880045085_ct.nii.gz',)
('3108_3163853045_ct.nii.gz',)
('2383_3311163278_ct.nii.gz',)
('2720_1407821446_ct.nii.gz',)
('2370_2617539245_ct.nii.gz',)
('3225_1323765026_ct.nii.gz',)
('2618_1025905440_ct.nii.gz',)
('2801_1008909290_ct.nii.gz',)
('3076_2951036045_ct.nii.gz',)
('2908_2614300284_ct.nii.gz',)
('2788_1210405155_ct.nii.gz',)
('2650_2209210968_ct.nii.gz',)
('2783_2123634751_ct.nii.gz',)
('3166_2753355359_ct.nii.gz',)
('2317_1253570929_ct.nii.gz',)
('2347_1406539650_ct.nii.gz',)
('2273_3758915255_ct.nii.gz',)
('2677_3021453942_ct.nii.gz',)
('2726_1529205650_ct.nii.gz',)
('2706_2776809278_ct.nii.gz',)
('2842_1983941032_ct.nii.gz',)
('2267_2599225457_ct.nii.gz',)
('2590_1240376081_ct.nii.gz',)
('2301_1090672398_ct.nii.gz',)
('2295_3569527892_ct.nii.gz',)
('2647_3383186867_ct.nii.gz',)
('2959_1332390580_ct.nii.gz',)
('2623_1350376159_ct.nii.gz',)
('2331_1523652985_ct.nii.gz',)
('2494_1603583309_ct.nii.gz',)
('3110_1754370967_ct.nii.gz',)
('2538_3367098122_ct.nii.gz',)
('2427_3251191874_ct.nii.gz',)
('2697_1845630889_ct.nii.gz',)
('2470_3385353546_ct.nii.gz',)
('2766_2088427482_ct.nii.gz',)
('2622_2136932176_ct.nii.gz',)
('2302_5202280354_ct.nii.gz',)
('2992_1457591804_ct.nii.gz',)
('2280_2532845350_ct.nii.gz',)
('2332_1332810907_ct.nii.gz',)
('2675_1814232703_ct.nii.gz',)
('2553_3325959404_ct.nii.gz',)
('2478_7354279871_ct.nii.gz',)
('2984_3224974737_ct.nii.gz',)
('3121_4580392102_ct.nii.gz',)
('2231_3082828075_ct.nii.gz',)
('2724_1110778744_ct.nii.gz',)
('2821_3349244093_ct.nii.gz',)
('2575_1165750622_ct.nii.gz',)
('2806_1395751628_ct.nii.gz',)
('2853_2578641922_ct.nii.gz',)
('3040_2928053167_ct.nii.gz',)
('2822_6500498763_ct.nii.gz',)
('3075_2828460585_ct.nii.gz',)
('2517_1987048534_ct.nii.gz',)
('2275_1094006870_ct.nii.gz',)
('2906_1800747315_ct.nii.gz',)
('2513_2987033001_ct.nii.gz',)
('2770_3321096925_ct.nii.gz',)
('2958_2240335119_ct.nii.gz',)
('2516_7691783281_ct.nii.gz',)
('2784_1624366498_ct.nii.gz',)
('3114_1246519828_ct.nii.gz',)
('2342_1809174254_ct.nii.gz',)
('3083_1084738807_ct.nii.gz',)
('2359_1143641672_ct.nii.gz',)
('2495_2808635939_ct.nii.gz',)
('2467_5848318514_ct.nii.gz',)
('2796_3278935771_ct.nii.gz',)
('3244_2009155265_ct.nii.gz',)
('2620_3076326067_ct.nii.gz',)
('2571_1880061564_ct.nii.gz',)
('3034_2442413736_ct.nii.gz',)
('2665_1277653488_ct.nii.gz',)
('2351_1480275434_ct.nii.gz',)
('2271_3559322004_ct.nii.gz',)
('2947_1057783105_ct.nii.gz',)
('2415_1832380557_ct.nii.gz',)
('2867_2180416023_ct.nii.gz',)
('2819_5924348427_ct.nii.gz',)
('2354_2979567507_ct.nii.gz',)
('2399_5459176951_ct.nii.gz',)
('3056_2309409035_ct.nii.gz',)
('2710_3369612708_ct.nii.gz',)
('2395_2969430364_ct.nii.gz',)
('2258_3145035410_ct.nii.gz',)
('2781_2811353044_ct.nii.gz',)
('2587_2107318866_ct.nii.gz',)
('2497_3013694280_ct.nii.gz',)
('2284_9701091364_ct.nii.gz',)
('2692_2918909279_ct.nii.gz',)
('2560_1622558335_ct.nii.gz',)
('2402_1511097630_ct.nii.gz',)
('2371_4977420715_ct.nii.gz',)
('2416_5966879525_ct.nii.gz',)
('2225_2564111995_ct.nii.gz',)
('3019_2970797152_ct.nii.gz',)
('3026_5896469473_ct.nii.gz',)
('2289_1546144185_ct.nii.gz',)
('2488_2262220363_ct.nii.gz',)
('2428_3281428767_ct.nii.gz',)
('3167_5558641423_ct.nii.gz',)
('2683_1003443553_ct.nii.gz',)
('2880_1088865999_ct.nii.gz',)
('2298_9710048992_ct.nii.gz',)
('3112_4872611097_ct.nii.gz',)
('3081_2403137140_ct.nii.gz',)
('3120_6678495563_ct.nii.gz',)
('2309_8221611558_ct.nii.gz',)
('3099_1902362598_ct.nii.gz',)
('3164_2438790103_ct.nii.gz',)
('3246_2288089785_ct.nii.gz',)
('3220_2935115578_ct.nii.gz',)
